<?xml version="1.0" encoding="UTF-8"?>
<!-- Generated by org.testng.reporters.JUnitReportReporter -->
<testsuite skipped="0" hostname="JyotiLP" name="com.pilot.testcases.VerifyMobile" tests="1" failures="0" timestamp="2021-04-20T19:17:31 IST" time="15.720" errors="0">
  <testcase name="verifyPilomobile" time="15.720" classname="com.pilot.testcases.VerifyMobile"/>
</testsuite> <!-- com.pilot.testcases.VerifyMobile -->
