<?xml version="1.0" encoding="UTF-8"?>
<!-- Generated by org.testng.reporters.JUnitReportReporter -->
<testsuite skipped="0" hostname="JyotiLP" name="com.pilot.testcases.VerifyDescription" tests="1" failures="0" timestamp="2021-04-20T19:17:31 IST" time="20.869" errors="0">
  <testcase name="verifyDescription" time="20.869" classname="com.pilot.testcases.VerifyDescription"/>
</testsuite> <!-- com.pilot.testcases.VerifyDescription -->
